
  StyleHub is running at http://localhost:3000

[0mGET /health [32m200[0m 5.197 ms - 15[0m
[0mGET /api/products [32m200[0m 4.501 ms - 8093[0m
[0mGET /api/products?search=dress [32m200[0m 4.750 ms - 705[0m
[0mGET /api/products?category=womens [32m200[0m 4.808 ms - 2018[0m
[0mPOST /api/cart [32m201[0m 34.106 ms - 233[0m
[0mGET /health [32m200[0m 0.591 ms - 15[0m
[0mGET /api/products [32m200[0m 2.326 ms - 8093[0m
[0mGET /api/products?search=coach [32m200[0m 2.274 ms - 369[0m
[0mGET /api/products?category=shoes [32m200[0m 1.917 ms - 2035[0m
[0mGET /api/products?sort=price-asc [32m200[0m 1.786 ms - 8093[0m
[0mPOST /api/cart [32m201[0m 10.945 ms - 232[0m
[0mPOST /api/cart [32m201[0m 10.680 ms - 438[0m
[0mPUT /api/cart/2 [32m200[0m 10.146 ms - 438[0m
[0mDELETE /api/cart/2 [32m200[0m 10.939 ms - 229[0m
[0mDELETE /api/cart [32m200[0m 7.817 ms - 24[0m
[0mGET /api/products/19 [32m200[0m 2.087 ms - 367[0m
[0mGET /health [32m200[0m 0.489 ms - 15[0m
[0mGET / [32m200[0m 16.794 ms - 9433[0m
[0mGET /css/variables.css [32m200[0m 8.807 ms - 2842[0m
[0mGET /css/base.css [32m200[0m 13.927 ms - 1617[0m
[0mGET /css/components.css [32m200[0m 19.067 ms - 3897[0m
[0mGET /css/shop.css [32m200[0m 18.685 ms - 18336[0m
[0mGET /js/theme.js [32m200[0m 17.988 ms - 684[0m
[0mGET /js/app.js [32m200[0m 19.157 ms - 2275[0m
[0mGET /js/products.js [32m200[0m 4.236 ms - 9439[0m
[0mGET /js/cart.js [32m200[0m 6.611 ms - 6514[0m
[0mGET /js/toast.js [32m200[0m 8.005 ms - 414[0m
[0mGET /js/api.js [32m200[0m 1.068 ms - 911[0m
[0mGET /api/cart [32m200[0m 7.314 ms - 24[0m
[0mGET /api/products?sort=featured [32m200[0m 9.592 ms - 8093[0m
[0mGET /favicon.ico [33m404[0m 2.696 ms - 150[0m
[0mGET / [36m304[0m 1.201 ms - -[0m
[0mGET /css/variables.css [36m304[0m 0.642 ms - -[0m
[0mGET /css/base.css [36m304[0m 1.030 ms - -[0m
[0mGET /css/components.css [36m304[0m 1.538 ms - -[0m
[0mGET /js/theme.js [36m304[0m 0.966 ms - -[0m
[0mGET /css/shop.css [36m304[0m 1.398 ms - -[0m
[0mGET /js/app.js [36m304[0m 2.165 ms - -[0m
[0mGET /js/products.js [36m304[0m 1.645 ms - -[0m
[0mGET /js/cart.js [36m304[0m 3.764 ms - -[0m
[0mGET /js/toast.js [36m304[0m 4.796 ms - -[0m
[0mGET /js/api.js [36m304[0m 0.367 ms - -[0m
[0mGET /api/cart [36m304[0m 4.951 ms - -[0m
[0mGET /api/products?sort=featured [36m304[0m 7.849 ms - -[0m
[0mGET /css/base.css [32m200[0m 0.565 ms - 1657[0m
[0mGET /css/base.css [32m200[0m 0.428 ms - 1657[0m
[0mGET /health [32m200[0m 0.376 ms - 15[0m
[0mGET / [32m200[0m 0.691 ms - 9433[0m
[0mGET /css/variables.css [32m200[0m 2.584 ms - 2842[0m
[0mGET /css/base.css [32m200[0m 3.316 ms - 1657[0m
[0mGET /css/shop.css [32m200[0m 4.505 ms - 18336[0m
[0mGET /css/components.css [32m200[0m 4.788 ms - 3897[0m
[0mGET /js/theme.js [32m200[0m 5.180 ms - 684[0m
[0mGET /js/app.js [32m200[0m 3.368 ms - 2275[0m
[0mGET /js/products.js [32m200[0m 1.370 ms - 9439[0m
[0mGET /js/cart.js [32m200[0m 2.297 ms - 6514[0m
[0mGET /js/toast.js [32m200[0m 2.665 ms - 414[0m
[0mGET /js/api.js [32m200[0m 0.654 ms - 911[0m
[0mGET /api/cart [32m200[0m 4.518 ms - 24[0m
[0mGET /api/products?sort=featured [32m200[0m 6.451 ms - 8093[0m
[0mGET /favicon.ico [33m404[0m 0.458 ms - 150[0m
[0mGET /api/products?category=womens&sort=featured [32m200[0m 6.512 ms - 2018[0m
[0mGET /api/products?category=mens&sort=featured [32m200[0m 5.354 ms - 2026[0m
[0mGET /api/products?category=shoes&sort=featured [32m200[0m 5.229 ms - 2035[0m
[0mGET /api/products?category=accessories&sort=featured [32m200[0m 6.157 ms - 2083[0m
[0mGET / [36m304[0m 0.543 ms - -[0m
[0mGET /css/variables.css [36m304[0m 1.074 ms - -[0m
[0mGET /css/base.css [36m304[0m 2.046 ms - -[0m
[0mGET /css/components.css [36m304[0m 1.093 ms - -[0m
[0mGET /css/shop.css [36m304[0m 1.979 ms - -[0m
[0mGET /js/theme.js [36m304[0m 2.703 ms - -[0m
[0mGET /js/app.js [36m304[0m 0.422 ms - -[0m
[0mGET /js/products.js [36m304[0m 0.928 ms - -[0m
[0mGET /js/cart.js [36m304[0m 3.542 ms - -[0m
[0mGET /js/toast.js [36m304[0m 4.220 ms - -[0m
[0mGET /js/api.js [36m304[0m 0.272 ms - -[0m
[0mGET /api/cart [36m304[0m 5.946 ms - -[0m
[0mGET /api/products?sort=featured [36m304[0m 8.567 ms - -[0m
[0mPOST /api/cart [32m201[0m 18.284 ms - 247[0m
[0mPUT /api/cart/4 [32m200[0m 19.121 ms - 247[0m
[0mPUT /api/cart/4 [32m200[0m 19.215 ms - 247[0m
[0mPUT /api/cart/4 [32m200[0m 20.673 ms - 247[0m
[0mPUT /api/cart/4 [32m200[0m 19.347 ms - 247[0m
[0mPUT /api/cart/4 [32m200[0m 19.441 ms - 247[0m
[0mPUT /api/cart/4 [32m200[0m 18.491 ms - 247[0m
[0mPUT /api/cart/4 [32m200[0m 18.630 ms - 247[0m
[0mPUT /api/cart/4 [32m200[0m 19.150 ms - 247[0m
[0mPUT /api/cart/4 [32m200[0m 19.579 ms - 248[0m
[0mPUT /api/cart/4 [32m200[0m 19.575 ms - 248[0m
[0mPUT /api/cart/4 [32m200[0m 18.562 ms - 248[0m
[0mPUT /api/cart/4 [32m200[0m 16.317 ms - 248[0m
[0mPUT /api/cart/4 [32m200[0m 18.509 ms - 248[0m
[0mPUT /api/cart/4 [32m200[0m 18.947 ms - 248[0m
[0mPUT /api/cart/4 [32m200[0m 19.781 ms - 248[0m
[0mPUT /api/cart/4 [32m200[0m 18.062 ms - 248[0m
[0mPUT /api/cart/4 [32m200[0m 19.596 ms - 248[0m
[0mPUT /api/cart/4 [32m200[0m 18.967 ms - 248[0m
[0mPUT /api/cart/4 [32m200[0m 19.009 ms - 248[0m
[0mPUT /api/cart/4 [32m200[0m 17.243 ms - 248[0m
[0mPUT /api/cart/4 [32m200[0m 21.105 ms - 248[0m
[0mPUT /api/cart/4 [32m200[0m 19.242 ms - 248[0m
[0mPUT /api/cart/4 [32m200[0m 17.453 ms - 248[0m
[0mPUT /api/cart/4 [32m200[0m 18.949 ms - 248[0m
[0mPUT /api/cart/4 [32m200[0m 18.123 ms - 248[0m
[0mPUT /api/cart/4 [32m200[0m 16.220 ms - 248[0m
[0mPUT /api/cart/4 [32m200[0m 16.879 ms - 248[0m
[0mPUT /api/cart/4 [32m200[0m 18.925 ms - 248[0m
[0mPUT /api/cart/4 [32m200[0m 17.930 ms - 248[0m
[0mPUT /api/cart/4 [32m200[0m 19.265 ms - 248[0m
[0mPUT /api/cart/4 [32m200[0m 18.495 ms - 248[0m
[0mPUT /api/cart/4 [32m200[0m 18.588 ms - 248[0m
[0mPUT /api/cart/4 [32m200[0m 18.343 ms - 248[0m
[0mPUT /api/cart/4 [32m200[0m 18.552 ms - 248[0m
[0mPUT /api/cart/4 [32m200[0m 15.447 ms - 248[0m
[0mPUT /api/cart/4 [32m200[0m 17.889 ms - 248[0m
[0mPUT /api/cart/4 [32m200[0m 19.638 ms - 248[0m
[0mPUT /api/cart/4 [32m200[0m 18.669 ms - 248[0m
[0mPUT /api/cart/4 [32m200[0m 18.695 ms - 248[0m
[0mPUT /api/cart/4 [32m200[0m 42.512 ms - 248[0m
[0mDELETE /api/cart [32m200[0m 6.746 ms - 24[0m
[0mPOST /api/cart [32m201[0m 20.134 ms - 243[0m
[0mGET / [36m304[0m 0.560 ms - -[0m
[0mGET /css/variables.css [36m304[0m 1.191 ms - -[0m
[0mGET /css/base.css [36m304[0m 3.297 ms - -[0m
[0mGET /css/components.css [36m304[0m 2.024 ms - -[0m
[0mGET /css/shop.css [36m304[0m 1.344 ms - -[0m
[0mGET /js/theme.js [36m304[0m 2.137 ms - -[0m
[0mGET /js/app.js [36m304[0m 2.824 ms - -[0m
[0mGET /js/products.js [36m304[0m 1.292 ms - -[0m
[0mGET /js/cart.js [36m304[0m 1.946 ms - -[0m
[0mGET /js/toast.js [36m304[0m 2.762 ms - -[0m
[0mGET /js/api.js [36m304[0m 0.448 ms - -[0m
[0mGET /api/cart [32m200[0m 4.800 ms - 243[0m
[0mGET /api/products?sort=featured [36m304[0m 7.202 ms - -[0m
[0mDELETE /api/cart [32m200[0m 10.669 ms - 24[0m
